ARM GAS  C:\Users\budai\AppData\Local\Temp\ccRdDHZB.s 			page 1


   1              		.syntax unified
   2              		.cpu cortex-m3
   3              		.fpu softvfp
   4              		.eabi_attribute 20, 1
   5              		.eabi_attribute 21, 1
   6              		.eabi_attribute 23, 3
   7              		.eabi_attribute 24, 1
   8              		.eabi_attribute 25, 1
   9              		.eabi_attribute 26, 1
  10              		.eabi_attribute 30, 1
  11              		.eabi_attribute 34, 1
  12              		.eabi_attribute 18, 4
  13              		.thumb
  14              		.syntax unified
  15              		.file	"cymetadata.c"
  16              		.text
  17              	.Ltext0:
  18              		.cfi_sections	.debug_frame
  19              		.global	cy_metadata
  20              		.global	cy_meta_flashprotect
  21              		.global	cy_meta_wonvl
  22              		.global	cy_meta_custnvl
  23              		.global	cy_meta_configecc
  24              		.section	.cyconfigecc,"a",%progbits
  25              		.align	2
  26              		.type	cy_meta_configecc, %object
  27              		.size	cy_meta_configecc, 244
  28              	cy_meta_configecc:
  29 0000 02       		.byte	2
  30 0001 4F       		.byte	79
  31 0002 00       		.byte	0
  32 0003 40       		.byte	64
  33 0004 02       		.byte	2
  34 0005 52       		.byte	82
  35 0006 00       		.byte	0
  36 0007 40       		.byte	64
  37 0008 01       		.byte	1
  38 0009 05       		.byte	5
  39 000a 01       		.byte	1
  40 000b 40       		.byte	64
  41 000c 01       		.byte	1
  42 000d 07       		.byte	7
  43 000e 01       		.byte	1
  44 000f 40       		.byte	64
  45 0010 02       		.byte	2
  46 0011 09       		.byte	9
  47 0012 01       		.byte	1
  48 0013 40       		.byte	64
  49 0014 05       		.byte	5
  50 0015 0A       		.byte	10
  51 0016 01       		.byte	1
  52 0017 40       		.byte	64
  53 0018 04       		.byte	4
  54 0019 0B       		.byte	11
  55 001a 01       		.byte	1
  56 001b 40       		.byte	64
  57 001c 01       		.byte	1
ARM GAS  C:\Users\budai\AppData\Local\Temp\ccRdDHZB.s 			page 2


  58 001d 15       		.byte	21
  59 001e 01       		.byte	1
  60 001f 40       		.byte	64
  61 0020 01       		.byte	1
  62 0021 17       		.byte	23
  63 0022 01       		.byte	1
  64 0023 40       		.byte	64
  65 0024 01       		.byte	1
  66 0025 19       		.byte	25
  67 0026 01       		.byte	1
  68 0027 40       		.byte	64
  69 0028 01       		.byte	1
  70 0029 1B       		.byte	27
  71 002a 01       		.byte	1
  72 002b 40       		.byte	64
  73 002c 06       		.byte	6
  74 002d 40       		.byte	64
  75 002e 01       		.byte	1
  76 002f 40       		.byte	64
  77 0030 02       		.byte	2
  78 0031 41       		.byte	65
  79 0032 01       		.byte	1
  80 0033 40       		.byte	64
  81 0034 07       		.byte	7
  82 0035 42       		.byte	66
  83 0036 01       		.byte	1
  84 0037 40       		.byte	64
  85 0038 0B       		.byte	11
  86 0039 43       		.byte	67
  87 003a 01       		.byte	1
  88 003b 40       		.byte	64
  89 003c 03       		.byte	3
  90 003d 48       		.byte	72
  91 003e 01       		.byte	1
  92 003f 40       		.byte	64
  93 0040 02       		.byte	2
  94 0041 49       		.byte	73
  95 0042 01       		.byte	1
  96 0043 40       		.byte	64
  97 0044 02       		.byte	2
  98 0045 4C       		.byte	76
  99 0046 01       		.byte	1
 100 0047 40       		.byte	64
 101 0048 01       		.byte	1
 102 0049 4D       		.byte	77
 103 004a 01       		.byte	1
 104 004b 40       		.byte	64
 105 004c 01       		.byte	1
 106 004d 51       		.byte	81
 107 004e 01       		.byte	1
 108 004f 40       		.byte	64
 109 0050 0A       		.byte	10
 110 0051 6C       		.byte	108
 111 0052 16       		.byte	22
 112 0053 9C       		.byte	-100
 113 0054 20       		.byte	32
 114 0055 06       		.byte	6
ARM GAS  C:\Users\budai\AppData\Local\Temp\ccRdDHZB.s 			page 3


 115 0056 21       		.byte	33
 116 0057 02       		.byte	2
 117 0058 E6       		.byte	-26
 118 0059 02       		.byte	2
 119 005a EE       		.byte	-18
 120 005b 01       		.byte	1
 121 005c A3       		.byte	-93
 122 005d 80       		.byte	-128
 123 005e AB       		.byte	-85
 124 005f 08       		.byte	8
 125 0060 B8       		.byte	-72
 126 0061 80       		.byte	-128
 127 0062 BE       		.byte	-66
 128 0063 40       		.byte	64
 129 0064 D8       		.byte	-40
 130 0065 04       		.byte	4
 131 0066 DB       		.byte	-37
 132 0067 04       		.byte	4
 133 0068 DF       		.byte	-33
 134 0069 01       		.byte	1
 135 006a 1F       		.byte	31
 136 006b 80       		.byte	-128
 137 006c 6E       		.byte	110
 138 006d 80       		.byte	-128
 139 006e 6F       		.byte	111
 140 006f 08       		.byte	8
 141 0070 86       		.byte	-122
 142 0071 40       		.byte	64
 143 0072 EE       		.byte	-18
 144 0073 08       		.byte	8
 145 0074 EE       		.byte	-18
 146 0075 04       		.byte	4
 147 0076 AB       		.byte	-85
 148 0077 80       		.byte	-128
 149 0078 EE       		.byte	-18
 150 0079 08       		.byte	8
 151 007a 33       		.byte	51
 152 007b 20       		.byte	32
 153 007c 54       		.byte	84
 154 007d 10       		.byte	16
 155 007e 57       		.byte	87
 156 007f 02       		.byte	2
 157 0080 CC       		.byte	-52
 158 0081 10       		.byte	16
 159 0082 D4       		.byte	-44
 160 0083 40       		.byte	64
 161 0084 D6       		.byte	-42
 162 0085 20       		.byte	32
 163 0086 A4       		.byte	-92
 164 0087 10       		.byte	16
 165 0088 A7       		.byte	-89
 166 0089 22       		.byte	34
 167 008a 5B       		.byte	91
 168 008b 02       		.byte	2
 169 008c 5C       		.byte	92
 170 008d 02       		.byte	2
 171 008e 87       		.byte	-121
ARM GAS  C:\Users\budai\AppData\Local\Temp\ccRdDHZB.s 			page 4


 172 008f 02       		.byte	2
 173 0090 A4       		.byte	-92
 174 0091 10       		.byte	16
 175 0092 A7       		.byte	-89
 176 0093 22       		.byte	34
 177 0094 D6       		.byte	-42
 178 0095 C0       		.byte	-64
 179 0096 E6       		.byte	-26
 180 0097 40       		.byte	64
 181 0098 1B       		.byte	27
 182 0099 02       		.byte	2
 183 009a 1C       		.byte	28
 184 009b 20       		.byte	32
 185 009c 66       		.byte	102
 186 009d 02       		.byte	2
 187 009e 72       		.byte	114
 188 009f 02       		.byte	2
 189 00a0 A4       		.byte	-92
 190 00a1 10       		.byte	16
 191 00a2 A7       		.byte	-89
 192 00a3 22       		.byte	34
 193 00a4 A8       		.byte	-88
 194 00a5 02       		.byte	2
 195 00a6 C6       		.byte	-58
 196 00a7 30       		.byte	48
 197 00a8 D8       		.byte	-40
 198 00a9 80       		.byte	-128
 199 00aa DC       		.byte	-36
 200 00ab 20       		.byte	32
 201 00ac EE       		.byte	-18
 202 00ad 80       		.byte	-128
 203 00ae A7       		.byte	-89
 204 00af 20       		.byte	32
 205 00b0 AA       		.byte	-86
 206 00b1 02       		.byte	2
 207 00b2 EE       		.byte	-18
 208 00b3 20       		.byte	32
 209 00b4 AF       		.byte	-81
 210 00b5 20       		.byte	32
 211 00b6 EE       		.byte	-18
 212 00b7 10       		.byte	16
 213 00b8 1F       		.byte	31
 214 00b9 80       		.byte	-128
 215 00ba C6       		.byte	-58
 216 00bb 01       		.byte	1
 217 00bc AF       		.byte	-81
 218 00bd 80       		.byte	-128
 219 00be 00       		.byte	0
 220 00bf 03       		.byte	3
 221 00c0 00       		.byte	0
 222 00c1 00       		.byte	0
 223 00c2 00       		.byte	0
 224 00c3 00       		.byte	0
 225 00c4 00       		.byte	0
 226 00c5 00       		.byte	0
 227 00c6 04       		.byte	4
 228 00c7 00       		.byte	0
ARM GAS  C:\Users\budai\AppData\Local\Temp\ccRdDHZB.s 			page 5


 229 00c8 00       		.byte	0
 230 00c9 0B       		.byte	11
 231 00ca 0B       		.byte	11
 232 00cb 00       		.byte	0
 233 00cc 00       		.byte	0
 234 00cd 00       		.byte	0
 235 00ce 00       		.byte	0
 236 00cf 00       		.byte	0
 237 00d0 00       		.byte	0
 238 00d1 7F       		.byte	127
 239 00d2 7F       		.byte	127
 240 00d3 00       		.byte	0
 241 00d4 00       		.byte	0
 242 00d5 00       		.byte	0
 243 00d6 00       		.byte	0
 244 00d7 00       		.byte	0
 245 00d8 00       		.byte	0
 246 00d9 0F       		.byte	15
 247 00da 0F       		.byte	15
 248 00db 00       		.byte	0
 249 00dc 06       		.byte	6
 250 00dd 00       		.byte	0
 251 00de 00       		.byte	0
 252 00df 00       		.byte	0
 253 00e0 C0       		.byte	-64
 254 00e1 00       		.byte	0
 255 00e2 00       		.byte	0
 256 00e3 00       		.byte	0
 257 00e4 00       		.byte	0
 258 00e5 00       		.byte	0
 259 00e6 00       		.byte	0
 260 00e7 00       		.byte	0
 261 00e8 02       		.byte	2
 262 00e9 00       		.byte	0
 263 00ea 00       		.byte	0
 264 00eb 00       		.byte	0
 265 00ec 00       		.byte	0
 266 00ed 00       		.byte	0
 267 00ee 20       		.byte	32
 268 00ef 00       		.byte	0
 269 00f0 01       		.byte	1
 270 00f1 00       		.byte	0
 271 00f2 18       		.byte	24
 272 00f3 01       		.byte	1
 273              		.section	.cywolatch,"a",%progbits
 274              		.align	2
 275              		.type	cy_meta_wonvl, %object
 276              		.size	cy_meta_wonvl, 4
 277              	cy_meta_wonvl:
 278 0000 BC       		.byte	-68
 279 0001 90       		.byte	-112
 280 0002 AC       		.byte	-84
 281 0003 AF       		.byte	-81
 282              		.section	.cycustnvl,"a",%progbits
 283              		.align	2
 284              		.type	cy_meta_custnvl, %object
 285              		.size	cy_meta_custnvl, 4
ARM GAS  C:\Users\budai\AppData\Local\Temp\ccRdDHZB.s 			page 6


 286              	cy_meta_custnvl:
 287 0000 00       		.byte	0
 288 0001 00       		.byte	0
 289 0002 40       		.byte	64
 290 0003 05       		.byte	5
 291              		.section	.cymeta,"a",%progbits
 292              		.align	2
 293              		.type	cy_metadata, %object
 294              		.size	cy_metadata, 12
 295              	cy_metadata:
 296 0000 00       		.byte	0
 297 0001 01       		.byte	1
 298 0002 2E       		.byte	46
 299 0003 12       		.byte	18
 300 0004 30       		.byte	48
 301 0005 69       		.byte	105
 302 0006 00       		.byte	0
 303 0007 01       		.byte	1
 304 0008 00       		.byte	0
 305 0009 00       		.byte	0
 306 000a 00       		.byte	0
 307 000b 00       		.byte	0
 308              		.section	.cyflashprotect,"a",%progbits
 309              		.align	2
 310              		.type	cy_meta_flashprotect, %object
 311              		.size	cy_meta_flashprotect, 256
 312              	cy_meta_flashprotect:
 313 0000 00000000 		.space	256
 313      00000000 
 313      00000000 
 313      00000000 
 313      00000000 
 314              		.text
 315              	.Letext0:
 316              		.file 1 "c:\\program files (x86)\\cypress\\psoc creator\\4.2\\psoc creator\\import\\gnu\\arm\\5.4.
 317              		.file 2 "c:\\program files (x86)\\cypress\\psoc creator\\4.2\\psoc creator\\import\\gnu\\arm\\5.4.
 318              		.file 3 "Generated_Source\\PSoC5\\cymetadata.c"
 319              		.section	.debug_info,"",%progbits
 320              	.Ldebug_info0:
 321 0000 30010000 		.4byte	0x130
 322 0004 0400     		.2byte	0x4
 323 0006 00000000 		.4byte	.Ldebug_abbrev0
 324 000a 04       		.byte	0x4
 325 000b 01       		.uleb128 0x1
 326 000c 66000000 		.4byte	.LASF17
 327 0010 0C       		.byte	0xc
 328 0011 CE010000 		.4byte	.LASF18
 329 0015 16000000 		.4byte	.LASF19
 330 0019 00000000 		.4byte	.Ldebug_line0
 331 001d 02       		.uleb128 0x2
 332 001e 01       		.byte	0x1
 333 001f 06       		.byte	0x6
 334 0020 C2010000 		.4byte	.LASF0
 335 0024 03       		.uleb128 0x3
 336 0025 00000000 		.4byte	.LASF9
 337 0029 01       		.byte	0x1
 338 002a 1D       		.byte	0x1d
ARM GAS  C:\Users\budai\AppData\Local\Temp\ccRdDHZB.s 			page 7


 339 002b 2F000000 		.4byte	0x2f
 340 002f 02       		.uleb128 0x2
 341 0030 01       		.byte	0x1
 342 0031 08       		.byte	0x8
 343 0032 19010000 		.4byte	.LASF1
 344 0036 02       		.uleb128 0x2
 345 0037 02       		.byte	0x2
 346 0038 05       		.byte	0x5
 347 0039 AF010000 		.4byte	.LASF2
 348 003d 02       		.uleb128 0x2
 349 003e 02       		.byte	0x2
 350 003f 07       		.byte	0x7
 351 0040 06010000 		.4byte	.LASF3
 352 0044 02       		.uleb128 0x2
 353 0045 04       		.byte	0x4
 354 0046 05       		.byte	0x5
 355 0047 B9010000 		.4byte	.LASF4
 356 004b 02       		.uleb128 0x2
 357 004c 04       		.byte	0x4
 358 004d 07       		.byte	0x7
 359 004e F4000000 		.4byte	.LASF5
 360 0052 02       		.uleb128 0x2
 361 0053 08       		.byte	0x8
 362 0054 05       		.byte	0x5
 363 0055 A1010000 		.4byte	.LASF6
 364 0059 02       		.uleb128 0x2
 365 005a 08       		.byte	0x8
 366 005b 07       		.byte	0x7
 367 005c 56010000 		.4byte	.LASF7
 368 0060 04       		.uleb128 0x4
 369 0061 04       		.byte	0x4
 370 0062 05       		.byte	0x5
 371 0063 696E7400 		.ascii	"int\000"
 372 0067 02       		.uleb128 0x2
 373 0068 04       		.byte	0x4
 374 0069 07       		.byte	0x7
 375 006a 49010000 		.4byte	.LASF8
 376 006e 03       		.uleb128 0x3
 377 006f 6D010000 		.4byte	.LASF10
 378 0073 02       		.byte	0x2
 379 0074 18       		.byte	0x18
 380 0075 24000000 		.4byte	0x24
 381 0079 05       		.uleb128 0x5
 382 007a 90000000 		.4byte	0x90
 383 007e 89000000 		.4byte	0x89
 384 0082 06       		.uleb128 0x6
 385 0083 89000000 		.4byte	0x89
 386 0087 F3       		.byte	0xf3
 387 0088 00       		.byte	0
 388 0089 02       		.uleb128 0x2
 389 008a 04       		.byte	0x4
 390 008b 07       		.byte	0x7
 391 008c 98010000 		.4byte	.LASF11
 392 0090 07       		.uleb128 0x7
 393 0091 6E000000 		.4byte	0x6e
 394 0095 08       		.uleb128 0x8
 395 0096 37010000 		.4byte	.LASF12
ARM GAS  C:\Users\budai\AppData\Local\Temp\ccRdDHZB.s 			page 8


 396 009a 03       		.byte	0x3
 397 009b 1F       		.byte	0x1f
 398 009c A6000000 		.4byte	0xa6
 399 00a0 05       		.uleb128 0x5
 400 00a1 03       		.byte	0x3
 401 00a2 00000000 		.4byte	cy_meta_configecc
 402 00a6 07       		.uleb128 0x7
 403 00a7 79000000 		.4byte	0x79
 404 00ab 05       		.uleb128 0x5
 405 00ac 90000000 		.4byte	0x90
 406 00b0 BB000000 		.4byte	0xbb
 407 00b4 06       		.uleb128 0x6
 408 00b5 89000000 		.4byte	0x89
 409 00b9 03       		.byte	0x3
 410 00ba 00       		.byte	0
 411 00bb 08       		.uleb128 0x8
 412 00bc 27010000 		.4byte	.LASF13
 413 00c0 03       		.byte	0x3
 414 00c1 4B       		.byte	0x4b
 415 00c2 CC000000 		.4byte	0xcc
 416 00c6 05       		.uleb128 0x5
 417 00c7 03       		.byte	0x3
 418 00c8 00000000 		.4byte	cy_meta_custnvl
 419 00cc 07       		.uleb128 0x7
 420 00cd AB000000 		.4byte	0xab
 421 00d1 08       		.uleb128 0x8
 422 00d2 8A010000 		.4byte	.LASF14
 423 00d6 03       		.byte	0x3
 424 00d7 59       		.byte	0x59
 425 00d8 E2000000 		.4byte	0xe2
 426 00dc 05       		.uleb128 0x5
 427 00dd 03       		.byte	0x3
 428 00de 00000000 		.4byte	cy_meta_wonvl
 429 00e2 07       		.uleb128 0x7
 430 00e3 AB000000 		.4byte	0xab
 431 00e7 05       		.uleb128 0x5
 432 00e8 90000000 		.4byte	0x90
 433 00ec F7000000 		.4byte	0xf7
 434 00f0 06       		.uleb128 0x6
 435 00f1 89000000 		.4byte	0x89
 436 00f5 FF       		.byte	0xff
 437 00f6 00       		.byte	0
 438 00f7 08       		.uleb128 0x8
 439 00f8 75010000 		.4byte	.LASF15
 440 00fc 03       		.byte	0x3
 441 00fd 67       		.byte	0x67
 442 00fe 08010000 		.4byte	0x108
 443 0102 05       		.uleb128 0x5
 444 0103 03       		.byte	0x3
 445 0104 00000000 		.4byte	cy_meta_flashprotect
 446 0108 07       		.uleb128 0x7
 447 0109 E7000000 		.4byte	0xe7
 448 010d 05       		.uleb128 0x5
 449 010e 90000000 		.4byte	0x90
 450 0112 1D010000 		.4byte	0x11d
 451 0116 06       		.uleb128 0x6
 452 0117 89000000 		.4byte	0x89
ARM GAS  C:\Users\budai\AppData\Local\Temp\ccRdDHZB.s 			page 9


 453 011b 0B       		.byte	0xb
 454 011c 00       		.byte	0
 455 011d 08       		.uleb128 0x8
 456 011e 0A000000 		.4byte	.LASF16
 457 0122 03       		.byte	0x3
 458 0123 94       		.byte	0x94
 459 0124 2E010000 		.4byte	0x12e
 460 0128 05       		.uleb128 0x5
 461 0129 03       		.byte	0x3
 462 012a 00000000 		.4byte	cy_metadata
 463 012e 07       		.uleb128 0x7
 464 012f 0D010000 		.4byte	0x10d
 465 0133 00       		.byte	0
 466              		.section	.debug_abbrev,"",%progbits
 467              	.Ldebug_abbrev0:
 468 0000 01       		.uleb128 0x1
 469 0001 11       		.uleb128 0x11
 470 0002 01       		.byte	0x1
 471 0003 25       		.uleb128 0x25
 472 0004 0E       		.uleb128 0xe
 473 0005 13       		.uleb128 0x13
 474 0006 0B       		.uleb128 0xb
 475 0007 03       		.uleb128 0x3
 476 0008 0E       		.uleb128 0xe
 477 0009 1B       		.uleb128 0x1b
 478 000a 0E       		.uleb128 0xe
 479 000b 10       		.uleb128 0x10
 480 000c 17       		.uleb128 0x17
 481 000d 00       		.byte	0
 482 000e 00       		.byte	0
 483 000f 02       		.uleb128 0x2
 484 0010 24       		.uleb128 0x24
 485 0011 00       		.byte	0
 486 0012 0B       		.uleb128 0xb
 487 0013 0B       		.uleb128 0xb
 488 0014 3E       		.uleb128 0x3e
 489 0015 0B       		.uleb128 0xb
 490 0016 03       		.uleb128 0x3
 491 0017 0E       		.uleb128 0xe
 492 0018 00       		.byte	0
 493 0019 00       		.byte	0
 494 001a 03       		.uleb128 0x3
 495 001b 16       		.uleb128 0x16
 496 001c 00       		.byte	0
 497 001d 03       		.uleb128 0x3
 498 001e 0E       		.uleb128 0xe
 499 001f 3A       		.uleb128 0x3a
 500 0020 0B       		.uleb128 0xb
 501 0021 3B       		.uleb128 0x3b
 502 0022 0B       		.uleb128 0xb
 503 0023 49       		.uleb128 0x49
 504 0024 13       		.uleb128 0x13
 505 0025 00       		.byte	0
 506 0026 00       		.byte	0
 507 0027 04       		.uleb128 0x4
 508 0028 24       		.uleb128 0x24
 509 0029 00       		.byte	0
ARM GAS  C:\Users\budai\AppData\Local\Temp\ccRdDHZB.s 			page 10


 510 002a 0B       		.uleb128 0xb
 511 002b 0B       		.uleb128 0xb
 512 002c 3E       		.uleb128 0x3e
 513 002d 0B       		.uleb128 0xb
 514 002e 03       		.uleb128 0x3
 515 002f 08       		.uleb128 0x8
 516 0030 00       		.byte	0
 517 0031 00       		.byte	0
 518 0032 05       		.uleb128 0x5
 519 0033 01       		.uleb128 0x1
 520 0034 01       		.byte	0x1
 521 0035 49       		.uleb128 0x49
 522 0036 13       		.uleb128 0x13
 523 0037 01       		.uleb128 0x1
 524 0038 13       		.uleb128 0x13
 525 0039 00       		.byte	0
 526 003a 00       		.byte	0
 527 003b 06       		.uleb128 0x6
 528 003c 21       		.uleb128 0x21
 529 003d 00       		.byte	0
 530 003e 49       		.uleb128 0x49
 531 003f 13       		.uleb128 0x13
 532 0040 2F       		.uleb128 0x2f
 533 0041 0B       		.uleb128 0xb
 534 0042 00       		.byte	0
 535 0043 00       		.byte	0
 536 0044 07       		.uleb128 0x7
 537 0045 26       		.uleb128 0x26
 538 0046 00       		.byte	0
 539 0047 49       		.uleb128 0x49
 540 0048 13       		.uleb128 0x13
 541 0049 00       		.byte	0
 542 004a 00       		.byte	0
 543 004b 08       		.uleb128 0x8
 544 004c 34       		.uleb128 0x34
 545 004d 00       		.byte	0
 546 004e 03       		.uleb128 0x3
 547 004f 0E       		.uleb128 0xe
 548 0050 3A       		.uleb128 0x3a
 549 0051 0B       		.uleb128 0xb
 550 0052 3B       		.uleb128 0x3b
 551 0053 0B       		.uleb128 0xb
 552 0054 49       		.uleb128 0x49
 553 0055 13       		.uleb128 0x13
 554 0056 3F       		.uleb128 0x3f
 555 0057 19       		.uleb128 0x19
 556 0058 02       		.uleb128 0x2
 557 0059 18       		.uleb128 0x18
 558 005a 00       		.byte	0
 559 005b 00       		.byte	0
 560 005c 00       		.byte	0
 561              		.section	.debug_aranges,"",%progbits
 562 0000 14000000 		.4byte	0x14
 563 0004 0200     		.2byte	0x2
 564 0006 00000000 		.4byte	.Ldebug_info0
 565 000a 04       		.byte	0x4
 566 000b 00       		.byte	0
ARM GAS  C:\Users\budai\AppData\Local\Temp\ccRdDHZB.s 			page 11


 567 000c 0000     		.2byte	0
 568 000e 0000     		.2byte	0
 569 0010 00000000 		.4byte	0
 570 0014 00000000 		.4byte	0
 571              		.section	.debug_line,"",%progbits
 572              	.Ldebug_line0:
 573 0000 3D010000 		.section	.debug_str,"MS",%progbits,1
 573      02003701 
 573      00000201 
 573      FB0E0D00 
 573      01010101 
 574              	.LASF9:
 575 0000 5F5F7569 		.ascii	"__uint8_t\000"
 575      6E74385F 
 575      7400
 576              	.LASF16:
 577 000a 63795F6D 		.ascii	"cy_metadata\000"
 577      65746164 
 577      61746100 
 578              	.LASF19:
 579 0016 433A5C55 		.ascii	"C:\\Users\\budai\\Documents\\github\\Beagyazott_ren"
 579      73657273 
 579      5C627564 
 579      61695C44 
 579      6F63756D 
 580 0044 64737A65 		.ascii	"dszerek\\kicsikocsi\\Design01.cydsn\000"
 580      72656B5C 
 580      6B696373 
 580      696B6F63 
 580      73695C44 
 581              	.LASF17:
 582 0066 474E5520 		.ascii	"GNU C11 5.4.1 20160609 (release) [ARM/embedded-5-br"
 582      43313120 
 582      352E342E 
 582      31203230 
 582      31363036 
 583 0099 616E6368 		.ascii	"anch revision 237715] -mcpu=cortex-m3 -mthumb -g -O"
 583      20726576 
 583      6973696F 
 583      6E203233 
 583      37373135 
 584 00cc 67202D66 		.ascii	"g -ffunction-sections -ffat-lto-objects\000"
 584      66756E63 
 584      74696F6E 
 584      2D736563 
 584      74696F6E 
 585              	.LASF5:
 586 00f4 6C6F6E67 		.ascii	"long unsigned int\000"
 586      20756E73 
 586      69676E65 
 586      6420696E 
 586      7400
 587              	.LASF3:
 588 0106 73686F72 		.ascii	"short unsigned int\000"
 588      7420756E 
 588      7369676E 
 588      65642069 
ARM GAS  C:\Users\budai\AppData\Local\Temp\ccRdDHZB.s 			page 12


 588      6E7400
 589              	.LASF1:
 590 0119 756E7369 		.ascii	"unsigned char\000"
 590      676E6564 
 590      20636861 
 590      7200
 591              	.LASF13:
 592 0127 63795F6D 		.ascii	"cy_meta_custnvl\000"
 592      6574615F 
 592      63757374 
 592      6E766C00 
 593              	.LASF12:
 594 0137 63795F6D 		.ascii	"cy_meta_configecc\000"
 594      6574615F 
 594      636F6E66 
 594      69676563 
 594      6300
 595              	.LASF8:
 596 0149 756E7369 		.ascii	"unsigned int\000"
 596      676E6564 
 596      20696E74 
 596      00
 597              	.LASF7:
 598 0156 6C6F6E67 		.ascii	"long long unsigned int\000"
 598      206C6F6E 
 598      6720756E 
 598      7369676E 
 598      65642069 
 599              	.LASF10:
 600 016d 75696E74 		.ascii	"uint8_t\000"
 600      385F7400 
 601              	.LASF15:
 602 0175 63795F6D 		.ascii	"cy_meta_flashprotect\000"
 602      6574615F 
 602      666C6173 
 602      6870726F 
 602      74656374 
 603              	.LASF14:
 604 018a 63795F6D 		.ascii	"cy_meta_wonvl\000"
 604      6574615F 
 604      776F6E76 
 604      6C00
 605              	.LASF11:
 606 0198 73697A65 		.ascii	"sizetype\000"
 606      74797065 
 606      00
 607              	.LASF6:
 608 01a1 6C6F6E67 		.ascii	"long long int\000"
 608      206C6F6E 
 608      6720696E 
 608      7400
 609              	.LASF2:
 610 01af 73686F72 		.ascii	"short int\000"
 610      7420696E 
 610      7400
 611              	.LASF4:
 612 01b9 6C6F6E67 		.ascii	"long int\000"
ARM GAS  C:\Users\budai\AppData\Local\Temp\ccRdDHZB.s 			page 13


 612      20696E74 
 612      00
 613              	.LASF0:
 614 01c2 7369676E 		.ascii	"signed char\000"
 614      65642063 
 614      68617200 
 615              	.LASF18:
 616 01ce 47656E65 		.ascii	"Generated_Source\\PSoC5\\cymetadata.c\000"
 616      72617465 
 616      645F536F 
 616      75726365 
 616      5C50536F 
 617              		.ident	"GCC: (GNU Tools for ARM Embedded Processors) 5.4.1 20160609 (release) [ARM/embedded-5-bran
